build/outputs/logs/manifest-merger-debug-report.txt
-- Merging decision tree log ---
manifest
ADDED from working_copies/SmartPillBox-020/AndroidManifest.xml:2:1-119:12
	package
		ADDED from working_copies/SmartPillBox-020/AndroidManifest.xml:3:5-45
	android:versionName
		ADDED from working_copies/SmartPillBox-020/AndroidManifest.xml:5:5-30
	android:versionCode
		ADDED from working_copies/SmartPillBox-020/AndroidManifest.xml:4:5-28
		INJECTED from working_copies/SmartPillBox-020/AndroidManifest.xml
		INJECTED from working_copies/SmartPillBox-020/AndroidManifest.xml
	xmlns:android
		ADDED from working_copies/SmartPillBox-020/AndroidManifest.xml:2:11-69
uses-sdk
ADDED from working_copies/SmartPillBox-020/AndroidManifest.xml:7:5-9:41
	android:targetSdkVersion
		ADDED from working_copies/SmartPillBox-020/AndroidManifest.xml:9:9-38
	android:minSdkVersion
		ADDED from working_copies/SmartPillBox-020/AndroidManifest.xml:8:9-34
uses-permission#android.permission.WRITE_EXTERNAL_STORAGE
ADDED from working_copies/SmartPillBox-020/AndroidManifest.xml:11:5-81
	android:name
		ADDED from working_copies/SmartPillBox-020/AndroidManifest.xml:11:22-78
uses-permission#android.permission.RECORD_AUDIO
ADDED from working_copies/SmartPillBox-020/AndroidManifest.xml:12:5-71
	android:name
		ADDED from working_copies/SmartPillBox-020/AndroidManifest.xml:12:22-68
uses-permission#android.permission.RESTART_PACKAGES
ADDED from working_copies/SmartPillBox-020/AndroidManifest.xml:13:5-75
	android:name
		ADDED from working_copies/SmartPillBox-020/AndroidManifest.xml:13:22-72
uses-permission#android.permission.MOUT_UNMOUNT_FILESYSTEMS
ADDED from working_copies/SmartPillBox-020/AndroidManifest.xml:14:5-83
	android:name
		ADDED from working_copies/SmartPillBox-020/AndroidManifest.xml:14:22-80
uses-permission#android.permission.INTERNET
ADDED from working_copies/SmartPillBox-020/AndroidManifest.xml:15:5-67
	android:name
		ADDED from working_copies/SmartPillBox-020/AndroidManifest.xml:15:22-64
uses-permission#android.permission.CALL_PHONE
ADDED from working_copies/SmartPillBox-020/AndroidManifest.xml:16:5-69
	android:name
		ADDED from working_copies/SmartPillBox-020/AndroidManifest.xml:16:22-66
uses-permission#android.permission.SYSTEM_ALERT_WINDOW
ADDED from working_copies/SmartPillBox-020/AndroidManifest.xml:17:5-78
	android:name
		ADDED from working_copies/SmartPillBox-020/AndroidManifest.xml:17:22-75
uses-permission#android.permission.WAKE_LOCK
ADDED from working_copies/SmartPillBox-020/AndroidManifest.xml:18:5-68
	android:name
		ADDED from working_copies/SmartPillBox-020/AndroidManifest.xml:18:22-65
uses-permission#android.permission.VIBRATE
ADDED from working_copies/SmartPillBox-020/AndroidManifest.xml:19:5-66
	android:name
		ADDED from working_copies/SmartPillBox-020/AndroidManifest.xml:19:22-63
uses-permission#android.permission.DISABLE_KEYGUARD
ADDED from working_copies/SmartPillBox-020/AndroidManifest.xml:20:5-75
	android:name
		ADDED from working_copies/SmartPillBox-020/AndroidManifest.xml:20:22-72
uses-permission#android.permission.RECEIVE_BOOT_COMPLETED
ADDED from working_copies/SmartPillBox-020/AndroidManifest.xml:21:5-81
	android:name
		ADDED from working_copies/SmartPillBox-020/AndroidManifest.xml:21:22-78
application
ADDED from working_copies/SmartPillBox-020/AndroidManifest.xml:23:5-117:19
	android:label
		ADDED from working_copies/SmartPillBox-020/AndroidManifest.xml:26:9-41
	android:allowBackup
		ADDED from working_copies/SmartPillBox-020/AndroidManifest.xml:24:9-35
	android:icon
		ADDED from working_copies/SmartPillBox-020/AndroidManifest.xml:25:9-45
	android:theme
		ADDED from working_copies/SmartPillBox-020/AndroidManifest.xml:27:9-40
activity#com.rilintech.controller.HomeActivity
ADDED from working_copies/SmartPillBox-020/AndroidManifest.xml:28:9-37:20
	android:screenOrientation
		ADDED from working_copies/SmartPillBox-020/AndroidManifest.xml:31:13-49
	android:label
		ADDED from working_copies/SmartPillBox-020/AndroidManifest.xml:30:13-45
	android:name
		ADDED from working_copies/SmartPillBox-020/AndroidManifest.xml:29:13-65
intent-filter#android.intent.action.MAIN+android.intent.category.LAUNCHER
ADDED from working_copies/SmartPillBox-020/AndroidManifest.xml:32:13-36:29
action#android.intent.action.MAIN
ADDED from working_copies/SmartPillBox-020/AndroidManifest.xml:33:17-69
	android:name
		ADDED from working_copies/SmartPillBox-020/AndroidManifest.xml:33:25-66
category#android.intent.category.LAUNCHER
ADDED from working_copies/SmartPillBox-020/AndroidManifest.xml:35:17-77
	android:name
		ADDED from working_copies/SmartPillBox-020/AndroidManifest.xml:35:27-74
activity#com.rilintech.controller.MedDescriptionListActivity
ADDED from working_copies/SmartPillBox-020/AndroidManifest.xml:38:9-42:64
	android:screenOrientation
		ADDED from working_copies/SmartPillBox-020/AndroidManifest.xml:41:13-49
	android:label
		ADDED from working_copies/SmartPillBox-020/AndroidManifest.xml:40:13-57
	android:theme
		ADDED from working_copies/SmartPillBox-020/AndroidManifest.xml:42:13-61
	android:name
		ADDED from working_copies/SmartPillBox-020/AndroidManifest.xml:39:13-79
activity#com.rilintech.controller.MedDescriptionAddActivity
ADDED from working_copies/SmartPillBox-020/AndroidManifest.xml:43:9-47:64
	android:screenOrientation
		ADDED from working_copies/SmartPillBox-020/AndroidManifest.xml:46:13-49
	android:label
		ADDED from working_copies/SmartPillBox-020/AndroidManifest.xml:45:13-57
	android:theme
		ADDED from working_copies/SmartPillBox-020/AndroidManifest.xml:47:13-61
	android:name
		ADDED from working_copies/SmartPillBox-020/AndroidManifest.xml:44:13-78
activity#com.rilintech.controller.HistoryActivity
ADDED from working_copies/SmartPillBox-020/AndroidManifest.xml:48:9-51:62
	android:screenOrientation
		ADDED from working_copies/SmartPillBox-020/AndroidManifest.xml:50:13-49
	android:theme
		ADDED from working_copies/SmartPillBox-020/AndroidManifest.xml:51:13-60
	android:name
		ADDED from working_copies/SmartPillBox-020/AndroidManifest.xml:49:13-68
activity#com.rilintech.unit.MedDescriptionDeleteDialogActivity
ADDED from working_copies/SmartPillBox-020/AndroidManifest.xml:52:9-56:64
	android:screenOrientation
		ADDED from working_copies/SmartPillBox-020/AndroidManifest.xml:55:13-49
	android:label
		ADDED from working_copies/SmartPillBox-020/AndroidManifest.xml:54:13-57
	android:theme
		ADDED from working_copies/SmartPillBox-020/AndroidManifest.xml:56:13-61
	android:name
		ADDED from working_copies/SmartPillBox-020/AndroidManifest.xml:53:13-81
activity#com.rilintech.controller.RingSelectedActivity
ADDED from working_copies/SmartPillBox-020/AndroidManifest.xml:57:9-61:64
	android:screenOrientation
		ADDED from working_copies/SmartPillBox-020/AndroidManifest.xml:60:13-49
	android:label
		ADDED from working_copies/SmartPillBox-020/AndroidManifest.xml:59:13-57
	android:theme
		ADDED from working_copies/SmartPillBox-020/AndroidManifest.xml:61:13-61
	android:name
		ADDED from working_copies/SmartPillBox-020/AndroidManifest.xml:58:13-73
activity#com.rilintech.controller.CompanyActivity
ADDED from working_copies/SmartPillBox-020/AndroidManifest.xml:62:9-66:64
	android:screenOrientation
		ADDED from working_copies/SmartPillBox-020/AndroidManifest.xml:65:13-49
	android:label
		ADDED from working_copies/SmartPillBox-020/AndroidManifest.xml:64:13-57
	android:theme
		ADDED from working_copies/SmartPillBox-020/AndroidManifest.xml:66:13-61
	android:name
		ADDED from working_copies/SmartPillBox-020/AndroidManifest.xml:63:13-68
activity#com.rilintech.controller.TodayRemindActivity
ADDED from working_copies/SmartPillBox-020/AndroidManifest.xml:67:9-71:64
	android:screenOrientation
		ADDED from working_copies/SmartPillBox-020/AndroidManifest.xml:70:13-49
	android:label
		ADDED from working_copies/SmartPillBox-020/AndroidManifest.xml:69:13-57
	android:theme
		ADDED from working_copies/SmartPillBox-020/AndroidManifest.xml:71:13-61
	android:name
		ADDED from working_copies/SmartPillBox-020/AndroidManifest.xml:68:13-72
activity#com.rilintech.controller.AlarmActivity
ADDED from working_copies/SmartPillBox-020/AndroidManifest.xml:72:9-76:64
	android:screenOrientation
		ADDED from working_copies/SmartPillBox-020/AndroidManifest.xml:75:13-49
	android:label
		ADDED from working_copies/SmartPillBox-020/AndroidManifest.xml:74:13-57
	android:theme
		ADDED from working_copies/SmartPillBox-020/AndroidManifest.xml:76:13-61
	android:name
		ADDED from working_copies/SmartPillBox-020/AndroidManifest.xml:73:13-66
activity#com.rilintech.controller.ExitActivity
ADDED from working_copies/SmartPillBox-020/AndroidManifest.xml:77:9-81:64
	android:screenOrientation
		ADDED from working_copies/SmartPillBox-020/AndroidManifest.xml:80:13-49
	android:label
		ADDED from working_copies/SmartPillBox-020/AndroidManifest.xml:79:13-57
	android:theme
		ADDED from working_copies/SmartPillBox-020/AndroidManifest.xml:81:13-61
	android:name
		ADDED from working_copies/SmartPillBox-020/AndroidManifest.xml:78:13-65
activity#com.rilintech.controller.MedDescriptionDetailActivity
ADDED from working_copies/SmartPillBox-020/AndroidManifest.xml:82:9-86:64
	android:screenOrientation
		ADDED from working_copies/SmartPillBox-020/AndroidManifest.xml:85:13-49
	android:label
		ADDED from working_copies/SmartPillBox-020/AndroidManifest.xml:84:13-57
	android:theme
		ADDED from working_copies/SmartPillBox-020/AndroidManifest.xml:86:13-61
	android:name
		ADDED from working_copies/SmartPillBox-020/AndroidManifest.xml:83:13-81
activity#com.rilintech.controller.MedDescriptionDetailActivity2
ADDED from working_copies/SmartPillBox-020/AndroidManifest.xml:87:9-91:64
	android:screenOrientation
		ADDED from working_copies/SmartPillBox-020/AndroidManifest.xml:90:13-49
	android:label
		ADDED from working_copies/SmartPillBox-020/AndroidManifest.xml:89:13-57
	android:theme
		ADDED from working_copies/SmartPillBox-020/AndroidManifest.xml:91:13-61
	android:name
		ADDED from working_copies/SmartPillBox-020/AndroidManifest.xml:88:13-82
service#com.rilintech.controller.AlarmService
ADDED from working_copies/SmartPillBox-020/AndroidManifest.xml:93:9-99:19
	android:name
		ADDED from working_copies/SmartPillBox-020/AndroidManifest.xml:93:18-70
intent-filter#android.intent.category.default+com.shen.music1
ADDED from working_copies/SmartPillBox-020/AndroidManifest.xml:94:13-98:29
action#com.shen.music1
ADDED from working_copies/SmartPillBox-020/AndroidManifest.xml:95:17-58
	android:name
		ADDED from working_copies/SmartPillBox-020/AndroidManifest.xml:95:25-55
category#android.intent.category.default
ADDED from working_copies/SmartPillBox-020/AndroidManifest.xml:97:17-76
	android:name
		ADDED from working_copies/SmartPillBox-020/AndroidManifest.xml:97:27-73
receiver#com.rilintech.receiver.AlarmReceiver
ADDED from working_copies/SmartPillBox-020/AndroidManifest.xml:101:9-108:20
	android:process
		ADDED from working_copies/SmartPillBox-020/AndroidManifest.xml:104:13-38
	android:exported
		ADDED from working_copies/SmartPillBox-020/AndroidManifest.xml:103:13-37
	android:name
		ADDED from working_copies/SmartPillBox-020/AndroidManifest.xml:102:13-64
intent-filter#com.rilintech.controller.AlarmReceiver
ADDED from working_copies/SmartPillBox-020/AndroidManifest.xml:105:13-107:29
action#com.rilintech.controller.AlarmReceiver
ADDED from working_copies/SmartPillBox-020/AndroidManifest.xml:106:17-81
	android:name
		ADDED from working_copies/SmartPillBox-020/AndroidManifest.xml:106:25-78
receiver#com.rilintech.receiver.BootReceiver
ADDED from working_copies/SmartPillBox-020/AndroidManifest.xml:109:9-116:20
	android:process
		ADDED from working_copies/SmartPillBox-020/AndroidManifest.xml:112:13-38
	android:exported
		ADDED from working_copies/SmartPillBox-020/AndroidManifest.xml:111:13-37
	android:name
		ADDED from working_copies/SmartPillBox-020/AndroidManifest.xml:110:13-63
intent-filter#android.intent.action.BOOT_COMPLETED
ADDED from working_copies/SmartPillBox-020/AndroidManifest.xml:113:13-115:29
action#android.intent.action.BOOT_COMPLETED
ADDED from working_copies/SmartPillBox-020/AndroidManifest.xml:114:17-79
	android:name
		ADDED from working_copies/SmartPillBox-020/AndroidManifest.xml:114:25-76